<?xml version="1.0" encoding="UTF-8"?>
<!-- Generated by org.testng.reporters.JUnitXMLReporter -->
<testsuite hostname="user-PC" failures="0" tests="5" name="Default test" time="0.04" errors="0" timestamp="3 Jan 2018 13:32:45 GMT">
  <testcase classname="testNg.TestEmployeeDetails" name="testCalculateAppraisal" time="0.01"/>
  <testcase classname="testNg.TestngAnnotation" name="testCase1" time="0.0"/>
  <testcase classname="testNg.TestngAnnotation" name="testCase2" time="0.01"/>
  <testcase classname="testNg.TestNGSimpleTest" name="testAdd" time="0.0"/>
  <testcase classname="testNg.SampleTest" name="testPrintMesssage" time="0.0">
    <skipped/>
  </testcase> <!-- testPrintMesssage -->
</testsuite> <!-- Default test -->
