<?xml version="1.0" encoding="UTF-8"?>
<!-- Generated by org.testng.reporters.JUnitXMLReporter -->
<testsuite hostname="user-PC" failures="0" tests="5" name="Practice Grouping" time="0.061" errors="0" timestamp="25 Jan 2018 13:24:03 GMT">
  <testcase classname="automationFrameworks.GroupingAnnotation" name="Car1" time="0.02"/>
  <testcase classname="automationFrameworks.GroupingAnnotation" name="Car2" time="0.0"/>
  <testcase classname="automationFrameworks.GroupingAnnotation" name="Scooter1" time="0.005"/>
  <testcase classname="automationFrameworks.GroupingAnnotation" name="Scooter2" time="0.006"/>
  <testcase classname="automationFrameworks.GroupingAnnotation" name="Sedan1" time="0.0"/>
</testsuite> <!-- Practice Grouping -->
