<?xml version="1.0" encoding="UTF-8"?>
<testng-results total="2" passed="2" failed="0" skipped="0">
  <reporter-output>
  </reporter-output>
  <suite started-at="2018-02-09T12:59:32Z" name="Default suite" finished-at="2018-02-09T12:59:39Z" duration-ms="6730">
    <groups>
    </groups>
    <test started-at="2018-02-09T12:59:32Z" name="Default test" finished-at="2018-02-09T12:59:39Z" duration-ms="6730">
      <class name="automationFrameworks.Assert">
        <test-method signature="VerifyUrl()[pri:0, instance:automationFrameworks.Assert@71c3b41]" started-at="2018-02-09T14:59:32Z" name="VerifyUrl" finished-at="2018-02-09T14:59:38Z" duration-ms="5673" status="PASS">
          <reporter-output>
          </reporter-output>
        </test-method> <!-- VerifyUrl -->
        <test-method signature="testEquals()[pri:0, instance:automationFrameworks.Assert@71c3b41]" started-at="2018-02-09T14:59:38Z" name="testEquals" finished-at="2018-02-09T14:59:39Z" duration-ms="1026" status="PASS">
          <reporter-output>
          </reporter-output>
        </test-method> <!-- testEquals -->
      </class> <!-- automationFrameworks.Assert -->
    </test> <!-- Default test -->
  </suite> <!-- Default suite -->
</testng-results>
